0:0:0:0:0:0:0:1 - - [29/Feb/2016:17:28:38 -0500] "GET / HTTP/1.1" 200 4460
0:0:0:0:0:0:0:1 - - [29/Feb/2016:17:28:38 -0500] "GET /css/patent.css HTTP/1.1" 200 4638
0:0:0:0:0:0:0:1 - - [29/Feb/2016:17:28:38 -0500] "GET /images/uspto-logo.png HTTP/1.1" 200 23756
0:0:0:0:0:0:0:1 - - [29/Feb/2016:17:28:38 -0500] "GET /css/screen.css HTTP/1.1" 200 13816
0:0:0:0:0:0:0:1 - - [29/Feb/2016:17:28:38 -0500] "GET /images/satellites.svg HTTP/1.1" 200 2656
0:0:0:0:0:0:0:1 - - [29/Feb/2016:17:28:38 -0500] "GET /images/demo.png HTTP/1.1" 200 15141
0:0:0:0:0:0:0:1 - - [29/Feb/2016:17:28:38 -0500] "GET /images/fisheries.svg HTTP/1.1" 200 3485
0:0:0:0:0:0:0:1 - - [29/Feb/2016:17:28:38 -0500] "GET /images/weather.svg HTTP/1.1" 200 3975
0:0:0:0:0:0:0:1 - - [29/Feb/2016:17:28:38 -0500] "GET /images/climate.svg HTTP/1.1" 200 2158
0:0:0:0:0:0:0:1 - - [29/Feb/2016:17:28:38 -0500] "GET /images/oceanscoasts.svg HTTP/1.1" 200 3230
0:0:0:0:0:0:0:1 - - [29/Feb/2016:17:28:38 -0500] "GET /images/research.svg HTTP/1.1" 200 2651
0:0:0:0:0:0:0:1 - - [29/Feb/2016:17:28:38 -0500] "GET /images/sep.jpg HTTP/1.1" 200 374
0:0:0:0:0:0:0:1 - - [29/Feb/2016:17:28:38 -0500] "GET /images/header_bg.jpg HTTP/1.1" 200 14978
0:0:0:0:0:0:0:1 - - [29/Feb/2016:17:28:38 -0500] "GET /images/marineaviation.svg HTTP/1.1" 200 5040
0:0:0:0:0:0:0:1 - - [29/Feb/2016:17:28:38 -0500] "GET /images/sanctuaries.svg HTTP/1.1" 200 4053
0:0:0:0:0:0:0:1 - - [29/Feb/2016:17:28:38 -0500] "GET /images/charting.svg HTTP/1.1" 200 5385
0:0:0:0:0:0:0:1 - - [29/Feb/2016:17:28:38 -0500] "GET /favicon.ico HTTP/1.1" 200 2862
0:0:0:0:0:0:0:1 - - [29/Feb/2016:17:28:44 -0500] "GET /patents HTTP/1.1" 200 3851
0:0:0:0:0:0:0:1 - - [29/Feb/2016:17:28:44 -0500] "GET /css/patent.css HTTP/1.1" 304 -
0:0:0:0:0:0:0:1 - - [29/Feb/2016:17:28:44 -0500] "GET /images/uspto-logo.png HTTP/1.1" 304 -
0:0:0:0:0:0:0:1 - - [29/Feb/2016:17:28:44 -0500] "GET /css/screen.css HTTP/1.1" 304 -
0:0:0:0:0:0:0:1 - - [29/Feb/2016:17:28:44 -0500] "GET /images/weather.svg HTTP/1.1" 304 -
0:0:0:0:0:0:0:1 - - [29/Feb/2016:17:28:44 -0500] "GET /images/climate.svg HTTP/1.1" 304 -
0:0:0:0:0:0:0:1 - - [29/Feb/2016:17:28:44 -0500] "GET /images/oceanscoasts.svg HTTP/1.1" 304 -
0:0:0:0:0:0:0:1 - - [29/Feb/2016:17:28:44 -0500] "GET /images/demo.png HTTP/1.1" 304 -
0:0:0:0:0:0:0:1 - - [29/Feb/2016:17:28:44 -0500] "GET /images/satellites.svg HTTP/1.1" 304 -
0:0:0:0:0:0:0:1 - - [29/Feb/2016:17:28:44 -0500] "GET /images/fisheries.svg HTTP/1.1" 304 -
0:0:0:0:0:0:0:1 - - [29/Feb/2016:17:28:44 -0500] "GET /images/research.svg HTTP/1.1" 304 -
0:0:0:0:0:0:0:1 - - [29/Feb/2016:17:28:44 -0500] "GET /images/marineaviation.svg HTTP/1.1" 304 -
0:0:0:0:0:0:0:1 - - [29/Feb/2016:17:28:44 -0500] "GET /images/charting.svg HTTP/1.1" 304 -
0:0:0:0:0:0:0:1 - - [29/Feb/2016:17:28:44 -0500] "GET /images/sanctuaries.svg HTTP/1.1" 304 -
0:0:0:0:0:0:0:1 - - [29/Feb/2016:17:31:21 -0500] "GET / HTTP/1.1" 500 441
0:0:0:0:0:0:0:1 - - [29/Feb/2016:17:31:21 -0500] "GET /favicon.ico HTTP/1.1" 200 2862
0:0:0:0:0:0:0:1 - - [29/Feb/2016:17:32:11 -0500] "GET / HTTP/1.1" 200 4457
0:0:0:0:0:0:0:1 - - [29/Feb/2016:17:32:11 -0500] "GET /images/uspto-logo.png HTTP/1.1" 200 23756
0:0:0:0:0:0:0:1 - - [29/Feb/2016:17:32:11 -0500] "GET /css/patent.css HTTP/1.1" 200 4638
0:0:0:0:0:0:0:1 - - [29/Feb/2016:17:32:11 -0500] "GET /css/screen.css HTTP/1.1" 200 13816
0:0:0:0:0:0:0:1 - - [29/Feb/2016:17:32:11 -0500] "GET /images/fisheries.svg HTTP/1.1" 200 3485
0:0:0:0:0:0:0:1 - - [29/Feb/2016:17:32:11 -0500] "GET /images/weather.svg HTTP/1.1" 200 3975
0:0:0:0:0:0:0:1 - - [29/Feb/2016:17:32:11 -0500] "GET /images/satellites.svg HTTP/1.1" 200 2656
0:0:0:0:0:0:0:1 - - [29/Feb/2016:17:32:11 -0500] "GET /images/demo.png HTTP/1.1" 200 15141
0:0:0:0:0:0:0:1 - - [29/Feb/2016:17:32:11 -0500] "GET /images/oceanscoasts.svg HTTP/1.1" 200 3230
0:0:0:0:0:0:0:1 - - [29/Feb/2016:17:32:11 -0500] "GET /images/climate.svg HTTP/1.1" 200 2158
0:0:0:0:0:0:0:1 - - [29/Feb/2016:17:32:11 -0500] "GET /images/marineaviation.svg HTTP/1.1" 200 5040
0:0:0:0:0:0:0:1 - - [29/Feb/2016:17:32:11 -0500] "GET /images/charting.svg HTTP/1.1" 200 5385
0:0:0:0:0:0:0:1 - - [29/Feb/2016:17:32:11 -0500] "GET /images/sanctuaries.svg HTTP/1.1" 200 4053
0:0:0:0:0:0:0:1 - - [29/Feb/2016:17:32:11 -0500] "GET /images/header_bg.jpg HTTP/1.1" 200 14978
0:0:0:0:0:0:0:1 - - [29/Feb/2016:17:32:11 -0500] "GET /images/sep.jpg HTTP/1.1" 200 374
0:0:0:0:0:0:0:1 - - [29/Feb/2016:17:32:11 -0500] "GET /images/research.svg HTTP/1.1" 200 2651
0:0:0:0:0:0:0:1 - - [29/Feb/2016:17:32:11 -0500] "GET /favicon.ico HTTP/1.1" 200 2862
0:0:0:0:0:0:0:1 - - [29/Feb/2016:17:32:20 -0500] "GET /noaa HTTP/1.1" 200 3851
0:0:0:0:0:0:0:1 - - [29/Feb/2016:17:32:20 -0500] "GET /css/screen.css HTTP/1.1" 304 -
0:0:0:0:0:0:0:1 - - [29/Feb/2016:17:32:20 -0500] "GET /images/uspto-logo.png HTTP/1.1" 304 -
0:0:0:0:0:0:0:1 - - [29/Feb/2016:17:32:20 -0500] "GET /css/patent.css HTTP/1.1" 304 -
0:0:0:0:0:0:0:1 - - [29/Feb/2016:17:32:20 -0500] "GET /images/demo.png HTTP/1.1" 304 -
0:0:0:0:0:0:0:1 - - [29/Feb/2016:17:32:20 -0500] "GET /images/fisheries.svg HTTP/1.1" 304 -
0:0:0:0:0:0:0:1 - - [29/Feb/2016:17:32:20 -0500] "GET /images/weather.svg HTTP/1.1" 304 -
0:0:0:0:0:0:0:1 - - [29/Feb/2016:17:32:20 -0500] "GET /images/oceanscoasts.svg HTTP/1.1" 304 -
0:0:0:0:0:0:0:1 - - [29/Feb/2016:17:32:20 -0500] "GET /images/climate.svg HTTP/1.1" 304 -
0:0:0:0:0:0:0:1 - - [29/Feb/2016:17:32:20 -0500] "GET /images/satellites.svg HTTP/1.1" 304 -
0:0:0:0:0:0:0:1 - - [29/Feb/2016:17:32:20 -0500] "GET /images/sanctuaries.svg HTTP/1.1" 304 -
0:0:0:0:0:0:0:1 - - [29/Feb/2016:17:32:20 -0500] "GET /images/marineaviation.svg HTTP/1.1" 304 -
0:0:0:0:0:0:0:1 - - [29/Feb/2016:17:32:20 -0500] "GET /images/research.svg HTTP/1.1" 304 -
0:0:0:0:0:0:0:1 - - [29/Feb/2016:17:32:20 -0500] "GET /images/charting.svg HTTP/1.1" 304 -
0:0:0:0:0:0:0:1 - - [29/Feb/2016:17:32:24 -0500] "GET /patents/search?searchString=weather&pageSize=15 HTTP/1.1" 404 306
0:0:0:0:0:0:0:1 - - [29/Feb/2016:17:33:08 -0500] "GET /noaa HTTP/1.1" 200 3848
0:0:0:0:0:0:0:1 - - [29/Feb/2016:17:33:08 -0500] "GET /images/uspto-logo.png HTTP/1.1" 200 23756
0:0:0:0:0:0:0:1 - - [29/Feb/2016:17:33:08 -0500] "GET /css/patent.css HTTP/1.1" 200 4638
0:0:0:0:0:0:0:1 - - [29/Feb/2016:17:33:08 -0500] "GET /css/screen.css HTTP/1.1" 200 13816
0:0:0:0:0:0:0:1 - - [29/Feb/2016:17:33:08 -0500] "GET /images/fisheries.svg HTTP/1.1" 200 3485
0:0:0:0:0:0:0:1 - - [29/Feb/2016:17:33:08 -0500] "GET /images/climate.svg HTTP/1.1" 200 2158
0:0:0:0:0:0:0:1 - - [29/Feb/2016:17:33:08 -0500] "GET /images/weather.svg HTTP/1.1" 200 3975
0:0:0:0:0:0:0:1 - - [29/Feb/2016:17:33:08 -0500] "GET /images/demo.png HTTP/1.1" 200 15141
0:0:0:0:0:0:0:1 - - [29/Feb/2016:17:33:08 -0500] "GET /images/oceanscoasts.svg HTTP/1.1" 200 3230
0:0:0:0:0:0:0:1 - - [29/Feb/2016:17:33:08 -0500] "GET /images/satellites.svg HTTP/1.1" 200 2656
0:0:0:0:0:0:0:1 - - [29/Feb/2016:17:33:08 -0500] "GET /images/research.svg HTTP/1.1" 200 2651
0:0:0:0:0:0:0:1 - - [29/Feb/2016:17:33:08 -0500] "GET /images/charting.svg HTTP/1.1" 200 5385
0:0:0:0:0:0:0:1 - - [29/Feb/2016:17:33:08 -0500] "GET /images/marineaviation.svg HTTP/1.1" 200 5040
0:0:0:0:0:0:0:1 - - [29/Feb/2016:17:33:08 -0500] "GET /images/sanctuaries.svg HTTP/1.1" 200 4053
0:0:0:0:0:0:0:1 - - [29/Feb/2016:17:33:08 -0500] "GET /images/header_bg.jpg HTTP/1.1" 200 14978
0:0:0:0:0:0:0:1 - - [29/Feb/2016:17:33:08 -0500] "GET /images/sep.jpg HTTP/1.1" 200 374
0:0:0:0:0:0:0:1 - - [29/Feb/2016:17:33:08 -0500] "GET /favicon.ico HTTP/1.1" 200 2862
0:0:0:0:0:0:0:1 - - [29/Feb/2016:17:33:10 -0500] "GET /noaa HTTP/1.1" 200 3848
0:0:0:0:0:0:0:1 - - [29/Feb/2016:17:33:10 -0500] "GET /css/patent.css HTTP/1.1" 304 -
0:0:0:0:0:0:0:1 - - [29/Feb/2016:17:33:10 -0500] "GET /css/screen.css HTTP/1.1" 304 -
0:0:0:0:0:0:0:1 - - [29/Feb/2016:17:33:10 -0500] "GET /images/uspto-logo.png HTTP/1.1" 304 -
0:0:0:0:0:0:0:1 - - [29/Feb/2016:17:33:10 -0500] "GET /images/demo.png HTTP/1.1" 304 -
0:0:0:0:0:0:0:1 - - [29/Feb/2016:17:33:10 -0500] "GET /images/oceanscoasts.svg HTTP/1.1" 304 -
0:0:0:0:0:0:0:1 - - [29/Feb/2016:17:33:10 -0500] "GET /images/fisheries.svg HTTP/1.1" 304 -
0:0:0:0:0:0:0:1 - - [29/Feb/2016:17:33:10 -0500] "GET /images/satellites.svg HTTP/1.1" 304 -
0:0:0:0:0:0:0:1 - - [29/Feb/2016:17:33:10 -0500] "GET /images/climate.svg HTTP/1.1" 304 -
0:0:0:0:0:0:0:1 - - [29/Feb/2016:17:33:10 -0500] "GET /images/weather.svg HTTP/1.1" 304 -
0:0:0:0:0:0:0:1 - - [29/Feb/2016:17:33:10 -0500] "GET /images/sanctuaries.svg HTTP/1.1" 304 -
0:0:0:0:0:0:0:1 - - [29/Feb/2016:17:33:10 -0500] "GET /images/research.svg HTTP/1.1" 304 -
0:0:0:0:0:0:0:1 - - [29/Feb/2016:17:33:10 -0500] "GET /images/marineaviation.svg HTTP/1.1" 304 -
0:0:0:0:0:0:0:1 - - [29/Feb/2016:17:33:10 -0500] "GET /images/charting.svg HTTP/1.1" 304 -
0:0:0:0:0:0:0:1 - - [29/Feb/2016:17:33:12 -0500] "GET / HTTP/1.1" 200 4457
0:0:0:0:0:0:0:1 - - [29/Feb/2016:17:33:12 -0500] "GET /css/patent.css HTTP/1.1" 304 -
0:0:0:0:0:0:0:1 - - [29/Feb/2016:17:33:12 -0500] "GET /css/screen.css HTTP/1.1" 304 -
0:0:0:0:0:0:0:1 - - [29/Feb/2016:17:33:12 -0500] "GET /images/uspto-logo.png HTTP/1.1" 304 -
0:0:0:0:0:0:0:1 - - [29/Feb/2016:17:33:12 -0500] "GET /images/fisheries.svg HTTP/1.1" 304 -
0:0:0:0:0:0:0:1 - - [29/Feb/2016:17:33:12 -0500] "GET /images/climate.svg HTTP/1.1" 304 -
0:0:0:0:0:0:0:1 - - [29/Feb/2016:17:33:12 -0500] "GET /images/satellites.svg HTTP/1.1" 304 -
0:0:0:0:0:0:0:1 - - [29/Feb/2016:17:33:12 -0500] "GET /images/demo.png HTTP/1.1" 304 -
0:0:0:0:0:0:0:1 - - [29/Feb/2016:17:33:12 -0500] "GET /images/weather.svg HTTP/1.1" 304 -
0:0:0:0:0:0:0:1 - - [29/Feb/2016:17:33:12 -0500] "GET /images/oceanscoasts.svg HTTP/1.1" 304 -
0:0:0:0:0:0:0:1 - - [29/Feb/2016:17:33:12 -0500] "GET /images/research.svg HTTP/1.1" 304 -
0:0:0:0:0:0:0:1 - - [29/Feb/2016:17:33:12 -0500] "GET /images/marineaviation.svg HTTP/1.1" 304 -
0:0:0:0:0:0:0:1 - - [29/Feb/2016:17:33:12 -0500] "GET /images/sanctuaries.svg HTTP/1.1" 304 -
0:0:0:0:0:0:0:1 - - [29/Feb/2016:17:33:12 -0500] "GET /images/charting.svg HTTP/1.1" 304 -
0:0:0:0:0:0:0:1 - - [29/Feb/2016:17:33:14 -0500] "GET /noaa HTTP/1.1" 200 3848
0:0:0:0:0:0:0:1 - - [29/Feb/2016:17:33:14 -0500] "GET /css/screen.css HTTP/1.1" 304 -
0:0:0:0:0:0:0:1 - - [29/Feb/2016:17:33:14 -0500] "GET /css/patent.css HTTP/1.1" 304 -
0:0:0:0:0:0:0:1 - - [29/Feb/2016:17:33:14 -0500] "GET /images/uspto-logo.png HTTP/1.1" 304 -
0:0:0:0:0:0:0:1 - - [29/Feb/2016:17:33:14 -0500] "GET /images/weather.svg HTTP/1.1" 304 -
0:0:0:0:0:0:0:1 - - [29/Feb/2016:17:33:14 -0500] "GET /images/climate.svg HTTP/1.1" 304 -
0:0:0:0:0:0:0:1 - - [29/Feb/2016:17:33:14 -0500] "GET /images/demo.png HTTP/1.1" 304 -
0:0:0:0:0:0:0:1 - - [29/Feb/2016:17:33:14 -0500] "GET /images/oceanscoasts.svg HTTP/1.1" 304 -
0:0:0:0:0:0:0:1 - - [29/Feb/2016:17:33:14 -0500] "GET /images/fisheries.svg HTTP/1.1" 304 -
0:0:0:0:0:0:0:1 - - [29/Feb/2016:17:33:14 -0500] "GET /images/satellites.svg HTTP/1.1" 304 -
0:0:0:0:0:0:0:1 - - [29/Feb/2016:17:33:14 -0500] "GET /images/research.svg HTTP/1.1" 304 -
0:0:0:0:0:0:0:1 - - [29/Feb/2016:17:33:14 -0500] "GET /images/marineaviation.svg HTTP/1.1" 304 -
0:0:0:0:0:0:0:1 - - [29/Feb/2016:17:33:14 -0500] "GET /images/sanctuaries.svg HTTP/1.1" 304 -
0:0:0:0:0:0:0:1 - - [29/Feb/2016:17:33:14 -0500] "GET /images/charting.svg HTTP/1.1" 304 -
0:0:0:0:0:0:0:1 - - [29/Feb/2016:17:33:17 -0500] "GET /noaa/search?searchString=test&pageSize=15 HTTP/1.1" 200 3831
0:0:0:0:0:0:0:1 - - [29/Feb/2016:17:33:17 -0500] "GET /images/uspto-logo.png HTTP/1.1" 304 -
0:0:0:0:0:0:0:1 - - [29/Feb/2016:17:33:17 -0500] "GET /css/screen.css HTTP/1.1" 304 -
0:0:0:0:0:0:0:1 - - [29/Feb/2016:17:33:17 -0500] "GET /css/patent.css HTTP/1.1" 304 -
0:0:0:0:0:0:0:1 - - [29/Feb/2016:17:33:17 -0500] "GET /images/satellites.svg HTTP/1.1" 304 -
0:0:0:0:0:0:0:1 - - [29/Feb/2016:17:33:17 -0500] "GET /images/weather.svg HTTP/1.1" 304 -
0:0:0:0:0:0:0:1 - - [29/Feb/2016:17:33:17 -0500] "GET /images/fisheries.svg HTTP/1.1" 304 -
0:0:0:0:0:0:0:1 - - [29/Feb/2016:17:33:17 -0500] "GET /images/oceanscoasts.svg HTTP/1.1" 304 -
0:0:0:0:0:0:0:1 - - [29/Feb/2016:17:33:17 -0500] "GET /images/demo.png HTTP/1.1" 304 -
0:0:0:0:0:0:0:1 - - [29/Feb/2016:17:33:17 -0500] "GET /images/climate.svg HTTP/1.1" 304 -
0:0:0:0:0:0:0:1 - - [29/Feb/2016:17:33:17 -0500] "GET /images/marineaviation.svg HTTP/1.1" 304 -
0:0:0:0:0:0:0:1 - - [29/Feb/2016:17:33:17 -0500] "GET /images/charting.svg HTTP/1.1" 304 -
0:0:0:0:0:0:0:1 - - [29/Feb/2016:17:33:17 -0500] "GET /images/research.svg HTTP/1.1" 304 -
0:0:0:0:0:0:0:1 - - [29/Feb/2016:17:33:17 -0500] "GET /images/sanctuaries.svg HTTP/1.1" 304 -
0:0:0:0:0:0:0:1 - - [29/Feb/2016:17:33:18 -0500] "GET /noaa?searchString=test&pageSize=15 HTTP/1.1" 200 3872
0:0:0:0:0:0:0:1 - - [29/Feb/2016:17:33:21 -0500] "GET /noaa/search?searchString=e&pageSize=15 HTTP/1.1" 200 4695
0:0:0:0:0:0:0:1 - - [29/Feb/2016:17:33:21 -0500] "GET /images/uspto-logo.png HTTP/1.1" 304 -
0:0:0:0:0:0:0:1 - - [29/Feb/2016:17:33:21 -0500] "GET /css/screen.css HTTP/1.1" 304 -
0:0:0:0:0:0:0:1 - - [29/Feb/2016:17:33:21 -0500] "GET /css/patent.css HTTP/1.1" 304 -
0:0:0:0:0:0:0:1 - - [29/Feb/2016:17:33:21 -0500] "GET /images/demo.png HTTP/1.1" 304 -
0:0:0:0:0:0:0:1 - - [29/Feb/2016:17:33:21 -0500] "GET /images/satellites.svg HTTP/1.1" 304 -
0:0:0:0:0:0:0:1 - - [29/Feb/2016:17:33:21 -0500] "GET /images/oceanscoasts.svg HTTP/1.1" 304 -
0:0:0:0:0:0:0:1 - - [29/Feb/2016:17:33:21 -0500] "GET /images/weather.svg HTTP/1.1" 304 -
0:0:0:0:0:0:0:1 - - [29/Feb/2016:17:33:21 -0500] "GET /images/fisheries.svg HTTP/1.1" 304 -
0:0:0:0:0:0:0:1 - - [29/Feb/2016:17:33:21 -0500] "GET /images/climate.svg HTTP/1.1" 304 -
0:0:0:0:0:0:0:1 - - [29/Feb/2016:17:33:21 -0500] "GET /images/research.svg HTTP/1.1" 304 -
0:0:0:0:0:0:0:1 - - [29/Feb/2016:17:33:21 -0500] "GET /images/marineaviation.svg HTTP/1.1" 304 -
0:0:0:0:0:0:0:1 - - [29/Feb/2016:17:33:21 -0500] "GET /images/sanctuaries.svg HTTP/1.1" 304 -
0:0:0:0:0:0:0:1 - - [29/Feb/2016:17:33:21 -0500] "GET /images/charting.svg HTTP/1.1" 304 -
0:0:0:0:0:0:0:1 - - [29/Feb/2016:17:33:22 -0500] "GET /noaa?searchString=e&pageSize=15 HTTP/1.1" 200 3869
0:0:0:0:0:0:0:1 - - [29/Feb/2016:17:33:24 -0500] "GET /noaa/search?searchString=e&pageSize=15 HTTP/1.1" 200 4695
0:0:0:0:0:0:0:1 - - [29/Feb/2016:17:33:24 -0500] "GET /css/patent.css HTTP/1.1" 304 -
0:0:0:0:0:0:0:1 - - [29/Feb/2016:17:33:24 -0500] "GET /css/screen.css HTTP/1.1" 304 -
0:0:0:0:0:0:0:1 - - [29/Feb/2016:17:33:24 -0500] "GET /images/uspto-logo.png HTTP/1.1" 304 -
0:0:0:0:0:0:0:1 - - [29/Feb/2016:17:33:24 -0500] "GET /images/climate.svg HTTP/1.1" 304 -
0:0:0:0:0:0:0:1 - - [29/Feb/2016:17:33:24 -0500] "GET /images/fisheries.svg HTTP/1.1" 304 -
0:0:0:0:0:0:0:1 - - [29/Feb/2016:17:33:24 -0500] "GET /images/demo.png HTTP/1.1" 304 -
0:0:0:0:0:0:0:1 - - [29/Feb/2016:17:33:24 -0500] "GET /images/weather.svg HTTP/1.1" 304 -
0:0:0:0:0:0:0:1 - - [29/Feb/2016:17:33:24 -0500] "GET /images/satellites.svg HTTP/1.1" 304 -
0:0:0:0:0:0:0:1 - - [29/Feb/2016:17:33:24 -0500] "GET /images/oceanscoasts.svg HTTP/1.1" 304 -
0:0:0:0:0:0:0:1 - - [29/Feb/2016:17:33:24 -0500] "GET /images/charting.svg HTTP/1.1" 304 -
0:0:0:0:0:0:0:1 - - [29/Feb/2016:17:33:24 -0500] "GET /images/sanctuaries.svg HTTP/1.1" 304 -
0:0:0:0:0:0:0:1 - - [29/Feb/2016:17:33:24 -0500] "GET /images/research.svg HTTP/1.1" 304 -
0:0:0:0:0:0:0:1 - - [29/Feb/2016:17:33:24 -0500] "GET /images/marineaviation.svg HTTP/1.1" 304 -
